<?xml version="1.0" encoding="UTF-8"?>
<testsuite name="Navegacion en Google" tests="1" skipped="0" failures="0" errors="0" timestamp="2023-03-27T05:46:33" hostname="DESKTOP-P74VED2" time="8.597">
  <properties/>
  <testcase name="Busqueda en Google" classname="Navegacion en Google" time="8.597"/>
  <system-out><![CDATA[]]></system-out>
  <system-err><![CDATA[Starting ChromeDriver 111.0.5563.64 (c710e93d5b63b7095afe8c2c17df34408078439d-refs/branch-heads/5563@{#995}) on port 13098
Only local connections are allowed.
Please see https://chromedriver.chromium.org/security-considerations for suggestions on keeping ChromeDriver safe.
ChromeDriver was started successfully.
mar 27, 2023 12:46:37 A. M. org.openqa.selenium.remote.ProtocolHandshake createSession
INFORMACIÓN: Detected dialect: W3C
]]></system-err>
</testsuite>
